0 info it worked if it ends with ok
1 verbose cli [ 'C:\\Program Files\\nodejs\\node.exe',
1 verbose cli   'C:\\Program Files\\nodejs\\node_modules\\npm\\bin\\npm-cli.js',
1 verbose cli   'run',
1 verbose cli   'watch:html' ]
2 info using npm@3.10.10
3 info using node@v7.2.1
4 verbose run-script [ 'prewatch:html', 'watch:html', 'postwatch:html' ]
5 info lifecycle cinefilm@1.0.0~prewatch:html: cinefilm@1.0.0
6 silly lifecycle cinefilm@1.0.0~prewatch:html: no script for prewatch:html, continuing
7 info lifecycle cinefilm@1.0.0~watch:html: cinefilm@1.0.0
8 verbose lifecycle cinefilm@1.0.0~watch:html: unsafe-perm in lifecycle true
9 verbose lifecycle cinefilm@1.0.0~watch:html: PATH: C:\Program Files\nodejs\node_modules\npm\bin\node-gyp-bin;C:\Users\dvarela\Desktop\projects\cinefilm\node_modules\.bin;C:\Users\dvarela\Desktop\projects\cinefilm\node_modules\.bin;C:\Users\dvarela\AppData\Local\Yarn\config\link\node_modules\.bin;C:\Users\dvarela\Desktop\projects\cinefilm\node_modules\.bin;C:\Users\dvarela\AppData\Local\Yarn\config\link\node_modules\.bin;C:\Users\dvarela\AppData\Local\Yarn\bin;C:\Program Files\lib\node_modules\npm\bin\node-gyp-bin;C:\Program Files\nodejs\node_modules\npm\bin\node-gyp-bin;C:\ProgramData\Oracle\Java\javapath;C:\Program Files (x86)\Intel\iCLS Client\;C:\Program Files\Intel\iCLS Client\;C:\Windows\system32;C:\Windows;C:\Windows\System32\Wbem;C:\Windows\System32\WindowsPowerShell\v1.0\;C:\Program Files\Intel\Intel(R) Management Engine Components\DAL;C:\Program Files (x86)\Intel\Intel(R) Management Engine Components\DAL;C:\Program Files\Intel\Intel(R) Management Engine Components\IPT;C:\Program Files (x86)\Intel\Intel(R) Management Engine Components\IPT;C:\Program Files\Microsoft SQL Server\110\Tools\Binn\;C:\Program Files\Microsoft SQL Server\110\Tools\Binn;C:\Program Files (x86)\Common Files\Business Objects\3.0\bin;C:\Program Files (x86)\Common Files\Business Objects\3.0\crystalreportviewers11\ActiveXControls;C:\Program Files\Git\cmd;C:\Program Files\nodejs\;C:\Ruby23-x64\bin;C:\Users\dvarela\AppData\Local\atom\bin;C:\Users\dvarela\AppData\Roaming\npm;C:\Program Files (x86)\Microsoft VS Code\bin
10 verbose lifecycle cinefilm@1.0.0~watch:html: CWD: C:\Users\dvarela\Desktop\projects\cinefilm
11 silly lifecycle cinefilm@1.0.0~watch:html: Args: [ '/d /s /c',
11 silly lifecycle   'npm run build:html && chokidar index.html -c \'npm run build:html\'' ]
12 silly lifecycle cinefilm@1.0.0~watch:html: Returned: code: 3221225786  signal: null
13 info lifecycle cinefilm@1.0.0~watch:html: Failed to exec watch:html script
14 verbose stack Error: cinefilm@1.0.0 watch:html: `npm run build:html && chokidar index.html -c 'npm run build:html'`
14 verbose stack Exit status 3221225786
14 verbose stack     at EventEmitter.<anonymous> (C:\Program Files\nodejs\node_modules\npm\lib\utils\lifecycle.js:255:16)
14 verbose stack     at emitTwo (events.js:106:13)
14 verbose stack     at EventEmitter.emit (events.js:191:7)
14 verbose stack     at ChildProcess.<anonymous> (C:\Program Files\nodejs\node_modules\npm\lib\utils\spawn.js:40:14)
14 verbose stack     at emitTwo (events.js:106:13)
14 verbose stack     at ChildProcess.emit (events.js:191:7)
14 verbose stack     at maybeClose (internal/child_process.js:885:16)
14 verbose stack     at Process.ChildProcess._handle.onexit (internal/child_process.js:226:5)
15 verbose pkgid cinefilm@1.0.0
16 verbose cwd C:\Users\dvarela\Desktop\projects\cinefilm
17 error Windows_NT 6.1.7601
18 error argv "C:\\Program Files\\nodejs\\node.exe" "C:\\Program Files\\nodejs\\node_modules\\npm\\bin\\npm-cli.js" "run" "watch:html"
19 error node v7.2.1
20 error npm  v3.10.10
21 error code ELIFECYCLE
22 error cinefilm@1.0.0 watch:html: `npm run build:html && chokidar index.html -c 'npm run build:html'`
22 error Exit status 3221225786
23 error Failed at the cinefilm@1.0.0 watch:html script 'npm run build:html && chokidar index.html -c 'npm run build:html''.
23 error Make sure you have the latest version of node.js and npm installed.
23 error If you do, this is most likely a problem with the cinefilm package,
23 error not with npm itself.
23 error Tell the author that this fails on your system:
23 error     npm run build:html && chokidar index.html -c 'npm run build:html'
23 error You can get information on how to open an issue for this project with:
23 error     npm bugs cinefilm
23 error Or if that isn't available, you can get their info via:
23 error     npm owner ls cinefilm
23 error There is likely additional logging output above.
24 verbose exit [ 1, true ]
